2025-06-07 21:28:04,419 - INFO - Verificando servidores al inicio...
2025-06-07 21:28:08,475 - INFO - Balanceador de carga iniciado en http://localhost:8080
2025-06-07 21:28:08,476 - INFO - Puedes verificar el estado de los servidores en http://localhost:8080/status
2025-06-07 21:28:08,529 - INFO - [31m[1mWARNING: This is a development server. Do not use it in a production deployment. Use a production WSGI server instead.[0m
 * Running on all addresses (0.0.0.0)
 * Running on http://127.0.0.1:8080
 * Running on http://192.168.1.87:8080
2025-06-07 21:28:08,529 - INFO - [33mPress CTRL+C to quit[0m
2025-06-07 21:30:18,433 - INFO - Verificando servidores al inicio...
2025-06-07 21:30:20,473 - WARNING - Error en health check para http://localhost:5002http://localhost:5003http://localhost:5004: Failed to parse: http://localhost:5002http://localhost:5003http://localhost:5004/health
2025-06-07 21:30:20,478 - INFO - Balanceador de carga iniciado en http://localhost:8080
2025-06-07 21:30:20,478 - INFO - Puedes verificar el estado de los servidores en http://localhost:8080/status
2025-06-07 21:30:20,522 - INFO - [31m[1mWARNING: This is a development server. Do not use it in a production deployment. Use a production WSGI server instead.[0m
 * Running on all addresses (0.0.0.0)
 * Running on http://127.0.0.1:8080
 * Running on http://192.168.1.87:8080
2025-06-07 21:30:20,522 - INFO - [33mPress CTRL+C to quit[0m
2025-06-07 21:30:22,497 - WARNING - Error en health check para http://localhost:5002http://localhost:5003http://localhost:5004: Failed to parse: http://localhost:5002http://localhost:5003http://localhost:5004/health
2025-06-07 21:30:29,510 - WARNING - Error en health check para http://localhost:5002http://localhost:5003http://localhost:5004: Failed to parse: http://localhost:5002http://localhost:5003http://localhost:5004/health
2025-06-07 21:30:36,531 - WARNING - Error en health check para http://localhost:5002http://localhost:5003http://localhost:5004: Failed to parse: http://localhost:5002http://localhost:5003http://localhost:5004/health
2025-06-07 22:18:20,049 - INFO - Verificando servidores al inicio...
2025-06-07 22:18:22,101 - WARNING - Error en health check para http://localhost:5002http://localhost:5003http://localhost:5004: Failed to parse: http://localhost:5002http://localhost:5003http://localhost:5004/health
2025-06-07 22:18:22,129 - INFO - Balanceador de carga iniciado en http://localhost:8080
2025-06-07 22:18:22,132 - INFO - Puedes verificar el estado de los servidores en http://localhost:8080/status
2025-06-07 22:18:22,201 - INFO - [31m[1mWARNING: This is a development server. Do not use it in a production deployment. Use a production WSGI server instead.[0m
 * Running on all addresses (0.0.0.0)
 * Running on http://127.0.0.1:8080
 * Running on http://192.168.1.87:8080
2025-06-07 22:18:22,202 - INFO - [33mPress CTRL+C to quit[0m
2025-06-07 22:18:24,168 - WARNING - Error en health check para http://localhost:5002http://localhost:5003http://localhost:5004: Failed to parse: http://localhost:5002http://localhost:5003http://localhost:5004/health
2025-06-07 22:18:24,588 - INFO - 127.0.0.1 - - [07/Jun/2025 22:18:24] "[35m[1mGET / HTTP/1.1[0m" 500 -
2025-06-07 22:18:25,038 - INFO - 127.0.0.1 - - [07/Jun/2025 22:18:25] "GET /?__debugger__=yes&cmd=resource&f=style.css HTTP/1.1" 200 -
2025-06-07 22:18:25,047 - INFO - 127.0.0.1 - - [07/Jun/2025 22:18:25] "GET /?__debugger__=yes&cmd=resource&f=debugger.js HTTP/1.1" 200 -
2025-06-07 22:18:25,132 - INFO - 127.0.0.1 - - [07/Jun/2025 22:18:25] "GET /?__debugger__=yes&cmd=resource&f=console.png HTTP/1.1" 200 -
2025-06-07 22:18:25,140 - INFO - 127.0.0.1 - - [07/Jun/2025 22:18:25] "[36mGET /?__debugger__=yes&cmd=resource&f=console.png HTTP/1.1[0m" 304 -
2025-06-07 22:18:25,237 - INFO - 127.0.0.1 - - [07/Jun/2025 22:18:25] "[33mGET /lb-status HTTP/1.1[0m" 404 -
2025-06-07 22:18:26,150 - INFO - 127.0.0.1 - - [07/Jun/2025 22:18:26] "[33mGET /lb-api/stats HTTP/1.1[0m" 404 -
2025-06-07 22:18:27,378 - INFO - 127.0.0.1 - - [07/Jun/2025 22:18:27] "[33mGET /favicon.ico HTTP/1.1[0m" 404 -
2025-06-07 22:18:28,436 - INFO - 127.0.0.1 - - [07/Jun/2025 22:18:28] "[33mGET /favicon.ico HTTP/1.1[0m" 404 -
2025-06-07 22:18:31,180 - WARNING - Error en health check para http://localhost:5002http://localhost:5003http://localhost:5004: Failed to parse: http://localhost:5002http://localhost:5003http://localhost:5004/health
2025-06-07 22:18:38,213 - WARNING - Error en health check para http://localhost:5002http://localhost:5003http://localhost:5004: Failed to parse: http://localhost:5002http://localhost:5003http://localhost:5004/health
2025-06-07 22:18:45,233 - WARNING - Error en health check para http://localhost:5002http://localhost:5003http://localhost:5004: Failed to parse: http://localhost:5002http://localhost:5003http://localhost:5004/health
2025-06-07 22:18:52,251 - WARNING - Error en health check para http://localhost:5002http://localhost:5003http://localhost:5004: Failed to parse: http://localhost:5002http://localhost:5003http://localhost:5004/health
2025-06-07 22:18:59,274 - WARNING - Error en health check para http://localhost:5002http://localhost:5003http://localhost:5004: Failed to parse: http://localhost:5002http://localhost:5003http://localhost:5004/health
2025-06-07 22:19:06,287 - WARNING - Error en health check para http://localhost:5002http://localhost:5003http://localhost:5004: Failed to parse: http://localhost:5002http://localhost:5003http://localhost:5004/health
2025-06-07 22:19:13,311 - WARNING - Error en health check para http://localhost:5002http://localhost:5003http://localhost:5004: Failed to parse: http://localhost:5002http://localhost:5003http://localhost:5004/health
2025-06-07 22:19:20,328 - WARNING - Error en health check para http://localhost:5002http://localhost:5003http://localhost:5004: Failed to parse: http://localhost:5002http://localhost:5003http://localhost:5004/health
2025-06-07 22:19:27,342 - WARNING - Error en health check para http://localhost:5002http://localhost:5003http://localhost:5004: Failed to parse: http://localhost:5002http://localhost:5003http://localhost:5004/health
2025-06-07 22:19:34,359 - WARNING - Error en health check para http://localhost:5002http://localhost:5003http://localhost:5004: Failed to parse: http://localhost:5002http://localhost:5003http://localhost:5004/health
2025-06-07 22:19:41,369 - WARNING - Error en health check para http://localhost:5002http://localhost:5003http://localhost:5004: Failed to parse: http://localhost:5002http://localhost:5003http://localhost:5004/health
2025-06-07 22:19:48,385 - WARNING - Error en health check para http://localhost:5002http://localhost:5003http://localhost:5004: Failed to parse: http://localhost:5002http://localhost:5003http://localhost:5004/health
2025-06-07 22:19:55,404 - WARNING - Error en health check para http://localhost:5002http://localhost:5003http://localhost:5004: Failed to parse: http://localhost:5002http://localhost:5003http://localhost:5004/health
2025-06-07 22:20:02,437 - WARNING - Error en health check para http://localhost:5002http://localhost:5003http://localhost:5004: Failed to parse: http://localhost:5002http://localhost:5003http://localhost:5004/health
2025-06-07 22:20:09,458 - WARNING - Error en health check para http://localhost:5002http://localhost:5003http://localhost:5004: Failed to parse: http://localhost:5002http://localhost:5003http://localhost:5004/health
2025-06-07 22:20:16,472 - WARNING - Error en health check para http://localhost:5002http://localhost:5003http://localhost:5004: Failed to parse: http://localhost:5002http://localhost:5003http://localhost:5004/health
2025-06-07 22:20:23,488 - WARNING - Error en health check para http://localhost:5002http://localhost:5003http://localhost:5004: Failed to parse: http://localhost:5002http://localhost:5003http://localhost:5004/health
2025-06-07 22:20:30,501 - WARNING - Error en health check para http://localhost:5002http://localhost:5003http://localhost:5004: Failed to parse: http://localhost:5002http://localhost:5003http://localhost:5004/health
2025-06-07 22:20:37,508 - WARNING - Error en health check para http://localhost:5002http://localhost:5003http://localhost:5004: Failed to parse: http://localhost:5002http://localhost:5003http://localhost:5004/health
2025-06-07 22:20:44,520 - WARNING - Error en health check para http://localhost:5002http://localhost:5003http://localhost:5004: Failed to parse: http://localhost:5002http://localhost:5003http://localhost:5004/health
2025-06-07 22:20:51,551 - WARNING - Error en health check para http://localhost:5002http://localhost:5003http://localhost:5004: Failed to parse: http://localhost:5002http://localhost:5003http://localhost:5004/health
2025-06-07 22:20:58,559 - WARNING - Error en health check para http://localhost:5002http://localhost:5003http://localhost:5004: Failed to parse: http://localhost:5002http://localhost:5003http://localhost:5004/health
2025-06-07 22:21:05,583 - WARNING - Error en health check para http://localhost:5002http://localhost:5003http://localhost:5004: Failed to parse: http://localhost:5002http://localhost:5003http://localhost:5004/health
2025-06-07 22:21:12,597 - WARNING - Error en health check para http://localhost:5002http://localhost:5003http://localhost:5004: Failed to parse: http://localhost:5002http://localhost:5003http://localhost:5004/health
2025-06-07 22:21:19,607 - WARNING - Error en health check para http://localhost:5002http://localhost:5003http://localhost:5004: Failed to parse: http://localhost:5002http://localhost:5003http://localhost:5004/health
2025-06-07 22:21:26,629 - WARNING - Error en health check para http://localhost:5002http://localhost:5003http://localhost:5004: Failed to parse: http://localhost:5002http://localhost:5003http://localhost:5004/health
2025-06-07 22:21:33,645 - WARNING - Error en health check para http://localhost:5002http://localhost:5003http://localhost:5004: Failed to parse: http://localhost:5002http://localhost:5003http://localhost:5004/health
2025-06-07 22:21:40,665 - WARNING - Error en health check para http://localhost:5002http://localhost:5003http://localhost:5004: Failed to parse: http://localhost:5002http://localhost:5003http://localhost:5004/health
2025-06-07 22:21:47,700 - WARNING - Error en health check para http://localhost:5002http://localhost:5003http://localhost:5004: Failed to parse: http://localhost:5002http://localhost:5003http://localhost:5004/health
2025-06-07 22:21:54,731 - WARNING - Error en health check para http://localhost:5002http://localhost:5003http://localhost:5004: Failed to parse: http://localhost:5002http://localhost:5003http://localhost:5004/health
2025-06-07 22:22:01,757 - WARNING - Error en health check para http://localhost:5002http://localhost:5003http://localhost:5004: Failed to parse: http://localhost:5002http://localhost:5003http://localhost:5004/health
2025-06-07 22:22:08,771 - WARNING - Error en health check para http://localhost:5002http://localhost:5003http://localhost:5004: Failed to parse: http://localhost:5002http://localhost:5003http://localhost:5004/health
2025-06-07 22:22:15,781 - WARNING - Error en health check para http://localhost:5002http://localhost:5003http://localhost:5004: Failed to parse: http://localhost:5002http://localhost:5003http://localhost:5004/health
2025-06-07 22:22:22,816 - WARNING - Error en health check para http://localhost:5002http://localhost:5003http://localhost:5004: Failed to parse: http://localhost:5002http://localhost:5003http://localhost:5004/health
2025-06-07 22:22:29,835 - WARNING - Error en health check para http://localhost:5002http://localhost:5003http://localhost:5004: Failed to parse: http://localhost:5002http://localhost:5003http://localhost:5004/health
2025-06-07 22:22:36,854 - WARNING - Error en health check para http://localhost:5002http://localhost:5003http://localhost:5004: Failed to parse: http://localhost:5002http://localhost:5003http://localhost:5004/health
2025-06-07 22:22:43,883 - WARNING - Error en health check para http://localhost:5002http://localhost:5003http://localhost:5004: Failed to parse: http://localhost:5002http://localhost:5003http://localhost:5004/health
2025-06-07 22:22:50,899 - WARNING - Error en health check para http://localhost:5002http://localhost:5003http://localhost:5004: Failed to parse: http://localhost:5002http://localhost:5003http://localhost:5004/health
2025-06-07 22:22:57,913 - WARNING - Error en health check para http://localhost:5002http://localhost:5003http://localhost:5004: Failed to parse: http://localhost:5002http://localhost:5003http://localhost:5004/health
2025-06-07 22:23:04,924 - WARNING - Error en health check para http://localhost:5002http://localhost:5003http://localhost:5004: Failed to parse: http://localhost:5002http://localhost:5003http://localhost:5004/health
2025-06-07 22:23:12,221 - WARNING - Error en health check para http://localhost:5002http://localhost:5003http://localhost:5004: Failed to parse: http://localhost:5002http://localhost:5003http://localhost:5004/health
2025-06-07 22:23:19,299 - WARNING - Error en health check para http://localhost:5002http://localhost:5003http://localhost:5004: Failed to parse: http://localhost:5002http://localhost:5003http://localhost:5004/health
2025-06-07 22:23:26,319 - WARNING - Error en health check para http://localhost:5002http://localhost:5003http://localhost:5004: Failed to parse: http://localhost:5002http://localhost:5003http://localhost:5004/health
2025-06-07 22:23:33,354 - WARNING - Error en health check para http://localhost:5002http://localhost:5003http://localhost:5004: Failed to parse: http://localhost:5002http://localhost:5003http://localhost:5004/health
2025-06-07 22:23:40,389 - WARNING - Error en health check para http://localhost:5002http://localhost:5003http://localhost:5004: Failed to parse: http://localhost:5002http://localhost:5003http://localhost:5004/health
2025-06-07 22:23:47,408 - WARNING - Error en health check para http://localhost:5002http://localhost:5003http://localhost:5004: Failed to parse: http://localhost:5002http://localhost:5003http://localhost:5004/health
2025-06-07 22:23:54,429 - WARNING - Error en health check para http://localhost:5002http://localhost:5003http://localhost:5004: Failed to parse: http://localhost:5002http://localhost:5003http://localhost:5004/health
2025-06-07 22:24:01,441 - WARNING - Error en health check para http://localhost:5002http://localhost:5003http://localhost:5004: Failed to parse: http://localhost:5002http://localhost:5003http://localhost:5004/health
2025-06-07 22:24:08,457 - WARNING - Error en health check para http://localhost:5002http://localhost:5003http://localhost:5004: Failed to parse: http://localhost:5002http://localhost:5003http://localhost:5004/health
2025-06-07 22:24:15,476 - WARNING - Error en health check para http://localhost:5002http://localhost:5003http://localhost:5004: Failed to parse: http://localhost:5002http://localhost:5003http://localhost:5004/health
2025-06-07 22:24:22,498 - WARNING - Error en health check para http://localhost:5002http://localhost:5003http://localhost:5004: Failed to parse: http://localhost:5002http://localhost:5003http://localhost:5004/health
2025-06-07 22:24:29,512 - WARNING - Error en health check para http://localhost:5002http://localhost:5003http://localhost:5004: Failed to parse: http://localhost:5002http://localhost:5003http://localhost:5004/health
2025-06-07 22:24:36,536 - WARNING - Error en health check para http://localhost:5002http://localhost:5003http://localhost:5004: Failed to parse: http://localhost:5002http://localhost:5003http://localhost:5004/health
2025-06-07 22:24:43,567 - WARNING - Error en health check para http://localhost:5002http://localhost:5003http://localhost:5004: Failed to parse: http://localhost:5002http://localhost:5003http://localhost:5004/health
2025-06-07 22:24:50,580 - WARNING - Error en health check para http://localhost:5002http://localhost:5003http://localhost:5004: Failed to parse: http://localhost:5002http://localhost:5003http://localhost:5004/health
2025-06-07 22:24:57,727 - WARNING - Error en health check para http://localhost:5002http://localhost:5003http://localhost:5004: Failed to parse: http://localhost:5002http://localhost:5003http://localhost:5004/health
2025-06-07 22:25:04,750 - WARNING - Error en health check para http://localhost:5002http://localhost:5003http://localhost:5004: Failed to parse: http://localhost:5002http://localhost:5003http://localhost:5004/health
2025-06-07 22:25:11,767 - WARNING - Error en health check para http://localhost:5002http://localhost:5003http://localhost:5004: Failed to parse: http://localhost:5002http://localhost:5003http://localhost:5004/health
2025-06-07 22:25:18,778 - WARNING - Error en health check para http://localhost:5002http://localhost:5003http://localhost:5004: Failed to parse: http://localhost:5002http://localhost:5003http://localhost:5004/health
2025-06-07 22:25:25,793 - WARNING - Error en health check para http://localhost:5002http://localhost:5003http://localhost:5004: Failed to parse: http://localhost:5002http://localhost:5003http://localhost:5004/health
2025-06-07 22:25:32,810 - WARNING - Error en health check para http://localhost:5002http://localhost:5003http://localhost:5004: Failed to parse: http://localhost:5002http://localhost:5003http://localhost:5004/health
2025-06-07 22:25:39,821 - WARNING - Error en health check para http://localhost:5002http://localhost:5003http://localhost:5004: Failed to parse: http://localhost:5002http://localhost:5003http://localhost:5004/health
2025-06-07 22:25:46,837 - WARNING - Error en health check para http://localhost:5002http://localhost:5003http://localhost:5004: Failed to parse: http://localhost:5002http://localhost:5003http://localhost:5004/health
2025-06-07 22:25:53,870 - WARNING - Error en health check para http://localhost:5002http://localhost:5003http://localhost:5004: Failed to parse: http://localhost:5002http://localhost:5003http://localhost:5004/health
2025-06-07 22:26:00,909 - WARNING - Error en health check para http://localhost:5002http://localhost:5003http://localhost:5004: Failed to parse: http://localhost:5002http://localhost:5003http://localhost:5004/health
2025-06-07 22:26:07,945 - WARNING - Error en health check para http://localhost:5002http://localhost:5003http://localhost:5004: Failed to parse: http://localhost:5002http://localhost:5003http://localhost:5004/health
2025-06-07 22:26:14,968 - WARNING - Error en health check para http://localhost:5002http://localhost:5003http://localhost:5004: Failed to parse: http://localhost:5002http://localhost:5003http://localhost:5004/health
2025-06-07 22:26:21,983 - WARNING - Error en health check para http://localhost:5002http://localhost:5003http://localhost:5004: Failed to parse: http://localhost:5002http://localhost:5003http://localhost:5004/health
2025-06-07 22:26:29,019 - WARNING - Error en health check para http://localhost:5002http://localhost:5003http://localhost:5004: Failed to parse: http://localhost:5002http://localhost:5003http://localhost:5004/health
2025-06-07 22:26:36,035 - WARNING - Error en health check para http://localhost:5002http://localhost:5003http://localhost:5004: Failed to parse: http://localhost:5002http://localhost:5003http://localhost:5004/health
2025-06-07 22:26:43,068 - WARNING - Error en health check para http://localhost:5002http://localhost:5003http://localhost:5004: Failed to parse: http://localhost:5002http://localhost:5003http://localhost:5004/health
2025-06-07 22:26:50,084 - WARNING - Error en health check para http://localhost:5002http://localhost:5003http://localhost:5004: Failed to parse: http://localhost:5002http://localhost:5003http://localhost:5004/health
2025-06-07 22:26:57,098 - WARNING - Error en health check para http://localhost:5002http://localhost:5003http://localhost:5004: Failed to parse: http://localhost:5002http://localhost:5003http://localhost:5004/health
2025-06-07 22:27:04,121 - WARNING - Error en health check para http://localhost:5002http://localhost:5003http://localhost:5004: Failed to parse: http://localhost:5002http://localhost:5003http://localhost:5004/health
2025-06-07 22:27:11,150 - WARNING - Error en health check para http://localhost:5002http://localhost:5003http://localhost:5004: Failed to parse: http://localhost:5002http://localhost:5003http://localhost:5004/health
2025-06-07 22:27:18,173 - WARNING - Error en health check para http://localhost:5002http://localhost:5003http://localhost:5004: Failed to parse: http://localhost:5002http://localhost:5003http://localhost:5004/health
2025-06-07 22:27:25,186 - WARNING - Error en health check para http://localhost:5002http://localhost:5003http://localhost:5004: Failed to parse: http://localhost:5002http://localhost:5003http://localhost:5004/health
2025-06-07 23:02:39,329 - INFO - Verificando servidores al inicio...
2025-06-07 23:02:41,359 - WARNING - Error en health check para http://localhost:5002http://localhost:5003http://localhost:5004: Failed to parse: http://localhost:5002http://localhost:5003http://localhost:5004/health
2025-06-07 23:02:41,364 - INFO - Balanceador de carga iniciado en http://localhost:8080
2025-06-07 23:02:41,366 - INFO - Puedes verificar el estado de los servidores en http://localhost:8080/status
2025-06-07 23:02:41,420 - INFO - [31m[1mWARNING: This is a development server. Do not use it in a production deployment. Use a production WSGI server instead.[0m
 * Running on all addresses (0.0.0.0)
 * Running on http://127.0.0.1:8080
 * Running on http://192.168.1.87:8080
2025-06-07 23:02:41,421 - INFO - [33mPress CTRL+C to quit[0m
2025-06-07 23:02:43,396 - WARNING - Error en health check para http://localhost:5002http://localhost:5003http://localhost:5004: Failed to parse: http://localhost:5002http://localhost:5003http://localhost:5004/health
2025-06-07 23:02:48,226 - INFO - 127.0.0.1 - - [07/Jun/2025 23:02:48] "[35m[1mGET / HTTP/1.1[0m" 500 -
2025-06-07 23:02:48,592 - INFO - 127.0.0.1 - - [07/Jun/2025 23:02:48] "GET /?__debugger__=yes&cmd=resource&f=debugger.js HTTP/1.1" 200 -
2025-06-07 23:02:48,598 - INFO - 127.0.0.1 - - [07/Jun/2025 23:02:48] "GET /?__debugger__=yes&cmd=resource&f=style.css HTTP/1.1" 200 -
2025-06-07 23:02:48,698 - INFO - 127.0.0.1 - - [07/Jun/2025 23:02:48] "[36mGET /?__debugger__=yes&cmd=resource&f=console.png HTTP/1.1[0m" 304 -
2025-06-07 23:02:50,416 - WARNING - Error en health check para http://localhost:5002http://localhost:5003http://localhost:5004: Failed to parse: http://localhost:5002http://localhost:5003http://localhost:5004/health
2025-06-07 23:02:57,439 - WARNING - Error en health check para http://localhost:5002http://localhost:5003http://localhost:5004: Failed to parse: http://localhost:5002http://localhost:5003http://localhost:5004/health
2025-06-07 23:03:04,482 - WARNING - Error en health check para http://localhost:5002http://localhost:5003http://localhost:5004: Failed to parse: http://localhost:5002http://localhost:5003http://localhost:5004/health
2025-06-07 23:03:11,503 - WARNING - Error en health check para http://localhost:5002http://localhost:5003http://localhost:5004: Failed to parse: http://localhost:5002http://localhost:5003http://localhost:5004/health
2025-06-07 23:03:18,529 - WARNING - Error en health check para http://localhost:5002http://localhost:5003http://localhost:5004: Failed to parse: http://localhost:5002http://localhost:5003http://localhost:5004/health
2025-06-07 23:03:25,539 - WARNING - Error en health check para http://localhost:5002http://localhost:5003http://localhost:5004: Failed to parse: http://localhost:5002http://localhost:5003http://localhost:5004/health
2025-06-07 23:03:32,569 - WARNING - Error en health check para http://localhost:5002http://localhost:5003http://localhost:5004: Failed to parse: http://localhost:5002http://localhost:5003http://localhost:5004/health
2025-06-07 23:03:39,592 - WARNING - Error en health check para http://localhost:5002http://localhost:5003http://localhost:5004: Failed to parse: http://localhost:5002http://localhost:5003http://localhost:5004/health
2025-06-07 23:03:46,611 - WARNING - Error en health check para http://localhost:5002http://localhost:5003http://localhost:5004: Failed to parse: http://localhost:5002http://localhost:5003http://localhost:5004/health
2025-06-07 23:03:53,642 - WARNING - Error en health check para http://localhost:5002http://localhost:5003http://localhost:5004: Failed to parse: http://localhost:5002http://localhost:5003http://localhost:5004/health
2025-06-07 23:04:00,656 - WARNING - Error en health check para http://localhost:5002http://localhost:5003http://localhost:5004: Failed to parse: http://localhost:5002http://localhost:5003http://localhost:5004/health
2025-06-07 23:04:07,679 - WARNING - Error en health check para http://localhost:5002http://localhost:5003http://localhost:5004: Failed to parse: http://localhost:5002http://localhost:5003http://localhost:5004/health
2025-06-07 23:04:14,713 - WARNING - Error en health check para http://localhost:5002http://localhost:5003http://localhost:5004: Failed to parse: http://localhost:5002http://localhost:5003http://localhost:5004/health
2025-06-07 23:04:21,728 - WARNING - Error en health check para http://localhost:5002http://localhost:5003http://localhost:5004: Failed to parse: http://localhost:5002http://localhost:5003http://localhost:5004/health
2025-06-07 23:04:28,737 - WARNING - Error en health check para http://localhost:5002http://localhost:5003http://localhost:5004: Failed to parse: http://localhost:5002http://localhost:5003http://localhost:5004/health
2025-06-07 23:04:35,754 - WARNING - Error en health check para http://localhost:5002http://localhost:5003http://localhost:5004: Failed to parse: http://localhost:5002http://localhost:5003http://localhost:5004/health
2025-06-07 23:04:42,782 - WARNING - Error en health check para http://localhost:5002http://localhost:5003http://localhost:5004: Failed to parse: http://localhost:5002http://localhost:5003http://localhost:5004/health
2025-06-07 23:04:49,808 - WARNING - Error en health check para http://localhost:5002http://localhost:5003http://localhost:5004: Failed to parse: http://localhost:5002http://localhost:5003http://localhost:5004/health
2025-06-07 23:04:56,834 - WARNING - Error en health check para http://localhost:5002http://localhost:5003http://localhost:5004: Failed to parse: http://localhost:5002http://localhost:5003http://localhost:5004/health
2025-06-07 23:05:03,869 - WARNING - Error en health check para http://localhost:5002http://localhost:5003http://localhost:5004: Failed to parse: http://localhost:5002http://localhost:5003http://localhost:5004/health
2025-06-07 23:05:10,897 - WARNING - Error en health check para http://localhost:5002http://localhost:5003http://localhost:5004: Failed to parse: http://localhost:5002http://localhost:5003http://localhost:5004/health
2025-06-07 23:05:17,907 - WARNING - Error en health check para http://localhost:5002http://localhost:5003http://localhost:5004: Failed to parse: http://localhost:5002http://localhost:5003http://localhost:5004/health
2025-06-07 23:05:24,925 - WARNING - Error en health check para http://localhost:5002http://localhost:5003http://localhost:5004: Failed to parse: http://localhost:5002http://localhost:5003http://localhost:5004/health
2025-06-07 23:05:31,950 - WARNING - Error en health check para http://localhost:5002http://localhost:5003http://localhost:5004: Failed to parse: http://localhost:5002http://localhost:5003http://localhost:5004/health
2025-06-07 23:05:38,968 - WARNING - Error en health check para http://localhost:5002http://localhost:5003http://localhost:5004: Failed to parse: http://localhost:5002http://localhost:5003http://localhost:5004/health
2025-06-07 23:05:45,986 - WARNING - Error en health check para http://localhost:5002http://localhost:5003http://localhost:5004: Failed to parse: http://localhost:5002http://localhost:5003http://localhost:5004/health
2025-06-07 23:05:52,996 - WARNING - Error en health check para http://localhost:5002http://localhost:5003http://localhost:5004: Failed to parse: http://localhost:5002http://localhost:5003http://localhost:5004/health
2025-06-07 23:06:00,014 - WARNING - Error en health check para http://localhost:5002http://localhost:5003http://localhost:5004: Failed to parse: http://localhost:5002http://localhost:5003http://localhost:5004/health
2025-06-07 23:06:07,036 - WARNING - Error en health check para http://localhost:5002http://localhost:5003http://localhost:5004: Failed to parse: http://localhost:5002http://localhost:5003http://localhost:5004/health
2025-06-07 23:06:14,053 - WARNING - Error en health check para http://localhost:5002http://localhost:5003http://localhost:5004: Failed to parse: http://localhost:5002http://localhost:5003http://localhost:5004/health
2025-06-07 23:06:21,062 - WARNING - Error en health check para http://localhost:5002http://localhost:5003http://localhost:5004: Failed to parse: http://localhost:5002http://localhost:5003http://localhost:5004/health
2025-06-07 23:06:28,087 - WARNING - Error en health check para http://localhost:5002http://localhost:5003http://localhost:5004: Failed to parse: http://localhost:5002http://localhost:5003http://localhost:5004/health
2025-06-07 23:06:35,111 - WARNING - Error en health check para http://localhost:5002http://localhost:5003http://localhost:5004: Failed to parse: http://localhost:5002http://localhost:5003http://localhost:5004/health
2025-06-07 23:06:42,152 - WARNING - Error en health check para http://localhost:5002http://localhost:5003http://localhost:5004: Failed to parse: http://localhost:5002http://localhost:5003http://localhost:5004/health
2025-06-07 23:06:49,175 - WARNING - Error en health check para http://localhost:5002http://localhost:5003http://localhost:5004: Failed to parse: http://localhost:5002http://localhost:5003http://localhost:5004/health
2025-06-07 23:06:56,196 - WARNING - Error en health check para http://localhost:5002http://localhost:5003http://localhost:5004: Failed to parse: http://localhost:5002http://localhost:5003http://localhost:5004/health
2025-06-07 23:07:03,227 - WARNING - Error en health check para http://localhost:5002http://localhost:5003http://localhost:5004: Failed to parse: http://localhost:5002http://localhost:5003http://localhost:5004/health
2025-06-07 23:07:10,238 - WARNING - Error en health check para http://localhost:5002http://localhost:5003http://localhost:5004: Failed to parse: http://localhost:5002http://localhost:5003http://localhost:5004/health
2025-06-07 23:07:17,260 - WARNING - Error en health check para http://localhost:5002http://localhost:5003http://localhost:5004: Failed to parse: http://localhost:5002http://localhost:5003http://localhost:5004/health
2025-06-07 23:07:24,275 - WARNING - Error en health check para http://localhost:5002http://localhost:5003http://localhost:5004: Failed to parse: http://localhost:5002http://localhost:5003http://localhost:5004/health
2025-06-07 23:07:31,298 - WARNING - Error en health check para http://localhost:5002http://localhost:5003http://localhost:5004: Failed to parse: http://localhost:5002http://localhost:5003http://localhost:5004/health
2025-06-07 23:07:38,311 - WARNING - Error en health check para http://localhost:5002http://localhost:5003http://localhost:5004: Failed to parse: http://localhost:5002http://localhost:5003http://localhost:5004/health
2025-06-07 23:07:45,345 - WARNING - Error en health check para http://localhost:5002http://localhost:5003http://localhost:5004: Failed to parse: http://localhost:5002http://localhost:5003http://localhost:5004/health
2025-06-07 23:07:52,376 - WARNING - Error en health check para http://localhost:5002http://localhost:5003http://localhost:5004: Failed to parse: http://localhost:5002http://localhost:5003http://localhost:5004/health
2025-06-07 23:07:59,395 - WARNING - Error en health check para http://localhost:5002http://localhost:5003http://localhost:5004: Failed to parse: http://localhost:5002http://localhost:5003http://localhost:5004/health
2025-06-07 23:08:06,411 - WARNING - Error en health check para http://localhost:5002http://localhost:5003http://localhost:5004: Failed to parse: http://localhost:5002http://localhost:5003http://localhost:5004/health
2025-06-07 23:08:13,435 - WARNING - Error en health check para http://localhost:5002http://localhost:5003http://localhost:5004: Failed to parse: http://localhost:5002http://localhost:5003http://localhost:5004/health
2025-06-07 23:08:20,458 - WARNING - Error en health check para http://localhost:5002http://localhost:5003http://localhost:5004: Failed to parse: http://localhost:5002http://localhost:5003http://localhost:5004/health
2025-06-07 23:08:27,470 - WARNING - Error en health check para http://localhost:5002http://localhost:5003http://localhost:5004: Failed to parse: http://localhost:5002http://localhost:5003http://localhost:5004/health
2025-06-07 23:08:34,486 - WARNING - Error en health check para http://localhost:5002http://localhost:5003http://localhost:5004: Failed to parse: http://localhost:5002http://localhost:5003http://localhost:5004/health
2025-06-07 23:08:41,507 - WARNING - Error en health check para http://localhost:5002http://localhost:5003http://localhost:5004: Failed to parse: http://localhost:5002http://localhost:5003http://localhost:5004/health
2025-06-07 23:08:48,517 - WARNING - Error en health check para http://localhost:5002http://localhost:5003http://localhost:5004: Failed to parse: http://localhost:5002http://localhost:5003http://localhost:5004/health
2025-06-07 23:08:55,548 - WARNING - Error en health check para http://localhost:5002http://localhost:5003http://localhost:5004: Failed to parse: http://localhost:5002http://localhost:5003http://localhost:5004/health
2025-06-07 23:09:02,586 - WARNING - Error en health check para http://localhost:5002http://localhost:5003http://localhost:5004: Failed to parse: http://localhost:5002http://localhost:5003http://localhost:5004/health
2025-06-07 23:09:09,599 - WARNING - Error en health check para http://localhost:5002http://localhost:5003http://localhost:5004: Failed to parse: http://localhost:5002http://localhost:5003http://localhost:5004/health
2025-06-07 23:09:16,605 - WARNING - Error en health check para http://localhost:5002http://localhost:5003http://localhost:5004: Failed to parse: http://localhost:5002http://localhost:5003http://localhost:5004/health
2025-06-07 23:09:23,640 - WARNING - Error en health check para http://localhost:5002http://localhost:5003http://localhost:5004: Failed to parse: http://localhost:5002http://localhost:5003http://localhost:5004/health
2025-06-07 23:09:30,648 - WARNING - Error en health check para http://localhost:5002http://localhost:5003http://localhost:5004: Failed to parse: http://localhost:5002http://localhost:5003http://localhost:5004/health
2025-06-07 23:09:37,668 - WARNING - Error en health check para http://localhost:5002http://localhost:5003http://localhost:5004: Failed to parse: http://localhost:5002http://localhost:5003http://localhost:5004/health
2025-06-07 23:09:44,685 - WARNING - Error en health check para http://localhost:5002http://localhost:5003http://localhost:5004: Failed to parse: http://localhost:5002http://localhost:5003http://localhost:5004/health
2025-06-07 23:09:51,698 - WARNING - Error en health check para http://localhost:5002http://localhost:5003http://localhost:5004: Failed to parse: http://localhost:5002http://localhost:5003http://localhost:5004/health
2025-06-07 23:09:58,727 - WARNING - Error en health check para http://localhost:5002http://localhost:5003http://localhost:5004: Failed to parse: http://localhost:5002http://localhost:5003http://localhost:5004/health
2025-06-07 23:10:05,743 - WARNING - Error en health check para http://localhost:5002http://localhost:5003http://localhost:5004: Failed to parse: http://localhost:5002http://localhost:5003http://localhost:5004/health
2025-06-07 23:10:12,768 - WARNING - Error en health check para http://localhost:5002http://localhost:5003http://localhost:5004: Failed to parse: http://localhost:5002http://localhost:5003http://localhost:5004/health
2025-06-07 23:10:19,784 - WARNING - Error en health check para http://localhost:5002http://localhost:5003http://localhost:5004: Failed to parse: http://localhost:5002http://localhost:5003http://localhost:5004/health
2025-06-07 23:10:26,801 - WARNING - Error en health check para http://localhost:5002http://localhost:5003http://localhost:5004: Failed to parse: http://localhost:5002http://localhost:5003http://localhost:5004/health
2025-06-07 23:10:33,851 - WARNING - Error en health check para http://localhost:5002http://localhost:5003http://localhost:5004: Failed to parse: http://localhost:5002http://localhost:5003http://localhost:5004/health
2025-06-07 23:10:40,869 - WARNING - Error en health check para http://localhost:5002http://localhost:5003http://localhost:5004: Failed to parse: http://localhost:5002http://localhost:5003http://localhost:5004/health
2025-06-07 23:10:47,891 - WARNING - Error en health check para http://localhost:5002http://localhost:5003http://localhost:5004: Failed to parse: http://localhost:5002http://localhost:5003http://localhost:5004/health
2025-06-07 23:10:54,912 - WARNING - Error en health check para http://localhost:5002http://localhost:5003http://localhost:5004: Failed to parse: http://localhost:5002http://localhost:5003http://localhost:5004/health
2025-06-07 23:11:01,922 - WARNING - Error en health check para http://localhost:5002http://localhost:5003http://localhost:5004: Failed to parse: http://localhost:5002http://localhost:5003http://localhost:5004/health
2025-06-07 23:11:08,940 - WARNING - Error en health check para http://localhost:5002http://localhost:5003http://localhost:5004: Failed to parse: http://localhost:5002http://localhost:5003http://localhost:5004/health
2025-06-07 23:11:15,954 - WARNING - Error en health check para http://localhost:5002http://localhost:5003http://localhost:5004: Failed to parse: http://localhost:5002http://localhost:5003http://localhost:5004/health
2025-06-07 23:11:22,979 - WARNING - Error en health check para http://localhost:5002http://localhost:5003http://localhost:5004: Failed to parse: http://localhost:5002http://localhost:5003http://localhost:5004/health
2025-06-07 23:11:30,000 - WARNING - Error en health check para http://localhost:5002http://localhost:5003http://localhost:5004: Failed to parse: http://localhost:5002http://localhost:5003http://localhost:5004/health
2025-06-07 23:11:37,021 - WARNING - Error en health check para http://localhost:5002http://localhost:5003http://localhost:5004: Failed to parse: http://localhost:5002http://localhost:5003http://localhost:5004/health
2025-06-07 23:11:44,039 - WARNING - Error en health check para http://localhost:5002http://localhost:5003http://localhost:5004: Failed to parse: http://localhost:5002http://localhost:5003http://localhost:5004/health
2025-06-07 23:11:51,172 - WARNING - Error en health check para http://localhost:5002http://localhost:5003http://localhost:5004: Failed to parse: http://localhost:5002http://localhost:5003http://localhost:5004/health
2025-06-07 23:11:58,190 - WARNING - Error en health check para http://localhost:5002http://localhost:5003http://localhost:5004: Failed to parse: http://localhost:5002http://localhost:5003http://localhost:5004/health
2025-06-07 23:12:05,209 - WARNING - Error en health check para http://localhost:5002http://localhost:5003http://localhost:5004: Failed to parse: http://localhost:5002http://localhost:5003http://localhost:5004/health
2025-06-07 23:16:34,798 - INFO - Verificando servidores al inicio...
2025-06-07 23:16:42,957 - INFO - Balanceador de carga iniciado en http://localhost:8080
2025-06-07 23:16:42,959 - INFO - Puedes verificar el estado de los servidores en http://localhost:8080/status
2025-06-07 23:16:43,029 - INFO - [31m[1mWARNING: This is a development server. Do not use it in a production deployment. Use a production WSGI server instead.[0m
 * Running on all addresses (0.0.0.0)
 * Running on http://127.0.0.1:8080
 * Running on http://192.168.1.87:8080
2025-06-07 23:16:43,030 - INFO - [33mPress CTRL+C to quit[0m
2025-06-07 23:16:50,600 - INFO - 127.0.0.1 - - [07/Jun/2025 23:16:50] "[35m[1mGET / HTTP/1.1[0m" 500 -
2025-06-07 23:16:50,945 - INFO - 127.0.0.1 - - [07/Jun/2025 23:16:50] "GET /?__debugger__=yes&cmd=resource&f=style.css HTTP/1.1" 200 -
2025-06-07 23:16:50,948 - INFO - 127.0.0.1 - - [07/Jun/2025 23:16:50] "GET /?__debugger__=yes&cmd=resource&f=debugger.js HTTP/1.1" 200 -
2025-06-07 23:16:51,107 - INFO - 127.0.0.1 - - [07/Jun/2025 23:16:51] "GET /?__debugger__=yes&cmd=resource&f=console.png HTTP/1.1" 200 -
2025-06-07 23:17:09,808 - INFO - 127.0.0.1 - - [07/Jun/2025 23:17:09] "[35m[1mGET / HTTP/1.1[0m" 500 -
2025-06-07 23:17:09,911 - INFO - 127.0.0.1 - - [07/Jun/2025 23:17:09] "GET /?__debugger__=yes&cmd=resource&f=style.css HTTP/1.1" 200 -
2025-06-07 23:17:09,922 - INFO - 127.0.0.1 - - [07/Jun/2025 23:17:09] "GET /?__debugger__=yes&cmd=resource&f=debugger.js HTTP/1.1" 200 -
2025-06-07 23:17:10,056 - INFO - 127.0.0.1 - - [07/Jun/2025 23:17:10] "[36mGET /?__debugger__=yes&cmd=resource&f=console.png HTTP/1.1[0m" 304 -
2025-06-07 23:17:39,349 - INFO - 127.0.0.1 - - [07/Jun/2025 23:17:39] "[33mGET /lb-status HTTP/1.1[0m" 404 -
2025-06-07 23:17:40,217 - INFO - 127.0.0.1 - - [07/Jun/2025 23:17:40] "[33mGET /lb-api/stats HTTP/1.1[0m" 404 -
2025-06-07 23:17:41,520 - INFO - 127.0.0.1 - - [07/Jun/2025 23:17:41] "[33mGET /favicon.ico HTTP/1.1[0m" 404 -
2025-06-07 23:33:49,877 - INFO - Verificando servidores al inicio...
2025-06-07 23:33:57,991 - INFO - Balanceador de carga iniciado en http://localhost:8080
2025-06-07 23:33:57,992 - INFO - Puedes verificar el estado de los servidores en http://localhost:8080/status
2025-06-07 23:33:58,032 - INFO - [31m[1mWARNING: This is a development server. Do not use it in a production deployment. Use a production WSGI server instead.[0m
 * Running on all addresses (0.0.0.0)
 * Running on http://127.0.0.1:8080
 * Running on http://192.168.1.87:8080
2025-06-07 23:33:58,032 - INFO - [33mPress CTRL+C to quit[0m
2025-06-07 23:34:03,055 - INFO - 127.0.0.1 - - [07/Jun/2025 23:34:03] "GET / HTTP/1.1" 200 -
2025-06-07 23:34:05,259 - INFO - 127.0.0.1 - - [07/Jun/2025 23:34:05] "[33mGET /favicon.ico HTTP/1.1[0m" 404 -
2025-06-07 23:34:10,194 - INFO - 127.0.0.1 - - [07/Jun/2025 23:34:10] "GET /info HTTP/1.1" 200 -
2025-06-07 23:34:14,607 - INFO - 127.0.0.1 - - [07/Jun/2025 23:34:14] "[32mPOST /tasks/add HTTP/1.1[0m" 302 -
2025-06-07 23:34:15,253 - INFO - 127.0.0.1 - - [07/Jun/2025 23:34:15] "GET /info HTTP/1.1" 200 -
2025-06-07 23:34:16,731 - INFO - 127.0.0.1 - - [07/Jun/2025 23:34:16] "GET / HTTP/1.1" 200 -
2025-06-07 23:34:23,887 - INFO - 127.0.0.1 - - [07/Jun/2025 23:34:23] "GET /info HTTP/1.1" 200 -
2025-06-07 23:34:28,497 - INFO - 127.0.0.1 - - [07/Jun/2025 23:34:28] "[32mPOST /tasks/add HTTP/1.1[0m" 302 -
2025-06-07 23:34:29,025 - INFO - 127.0.0.1 - - [07/Jun/2025 23:34:29] "GET /info HTTP/1.1" 200 -
2025-06-07 23:34:30,619 - INFO - 127.0.0.1 - - [07/Jun/2025 23:34:30] "GET / HTTP/1.1" 200 -
2025-06-07 23:34:37,888 - INFO - 127.0.0.1 - - [07/Jun/2025 23:34:37] "GET /info HTTP/1.1" 200 -
2025-06-07 23:34:41,433 - INFO - 127.0.0.1 - - [07/Jun/2025 23:34:41] "[32mPOST /tasks/add HTTP/1.1[0m" 302 -
2025-06-07 23:34:42,915 - INFO - 127.0.0.1 - - [07/Jun/2025 23:34:42] "GET /info HTTP/1.1" 200 -
2025-06-07 23:34:43,533 - INFO - 127.0.0.1 - - [07/Jun/2025 23:34:43] "GET / HTTP/1.1" 200 -
2025-06-07 23:34:49,410 - INFO - 127.0.0.1 - - [07/Jun/2025 23:34:49] "[33mGET /lb-status HTTP/1.1[0m" 404 -
2025-06-07 23:34:50,486 - INFO - 127.0.0.1 - - [07/Jun/2025 23:34:50] "[33mGET /lb-api/stats HTTP/1.1[0m" 404 -
2025-06-07 23:34:50,808 - INFO - 127.0.0.1 - - [07/Jun/2025 23:34:50] "GET /info HTTP/1.1" 200 -
2025-06-07 23:34:55,885 - INFO - 127.0.0.1 - - [07/Jun/2025 23:34:55] "GET /info HTTP/1.1" 200 -
2025-06-07 23:35:00,858 - INFO - 127.0.0.1 - - [07/Jun/2025 23:35:00] "GET /info HTTP/1.1" 200 -
2025-06-07 23:35:05,846 - INFO - 127.0.0.1 - - [07/Jun/2025 23:35:05] "GET /info HTTP/1.1" 200 -
2025-06-07 23:35:11,008 - INFO - 127.0.0.1 - - [07/Jun/2025 23:35:11] "GET /info HTTP/1.1" 200 -
2025-06-07 23:35:15,862 - INFO - 127.0.0.1 - - [07/Jun/2025 23:35:15] "GET /info HTTP/1.1" 200 -
2025-06-07 23:35:21,104 - INFO - 127.0.0.1 - - [07/Jun/2025 23:35:21] "GET /info HTTP/1.1" 200 -
2025-06-07 23:35:25,885 - INFO - 127.0.0.1 - - [07/Jun/2025 23:35:25] "GET /info HTTP/1.1" 200 -
2025-06-07 23:35:30,909 - INFO - 127.0.0.1 - - [07/Jun/2025 23:35:30] "GET /info HTTP/1.1" 200 -
2025-06-07 23:35:35,885 - INFO - 127.0.0.1 - - [07/Jun/2025 23:35:35] "GET /info HTTP/1.1" 200 -
2025-06-07 23:35:40,908 - INFO - 127.0.0.1 - - [07/Jun/2025 23:35:40] "GET /info HTTP/1.1" 200 -
2025-06-07 23:35:45,969 - INFO - 127.0.0.1 - - [07/Jun/2025 23:35:45] "GET /info HTTP/1.1" 200 -
2025-06-07 23:35:49,978 - INFO - 127.0.0.1 - - [07/Jun/2025 23:35:49] "[32mPOST /tasks/0/complete HTTP/1.1[0m" 302 -
2025-06-07 23:35:51,170 - INFO - 127.0.0.1 - - [07/Jun/2025 23:35:51] "GET /info HTTP/1.1" 200 -
2025-06-07 23:35:52,075 - INFO - 127.0.0.1 - - [07/Jun/2025 23:35:52] "GET / HTTP/1.1" 200 -
2025-06-07 23:35:59,463 - INFO - 127.0.0.1 - - [07/Jun/2025 23:35:59] "GET /info HTTP/1.1" 200 -
2025-06-07 23:36:01,786 - INFO - 127.0.0.1 - - [07/Jun/2025 23:36:01] "[32mPOST /tasks/2/complete HTTP/1.1[0m" 302 -
2025-06-07 23:36:03,868 - INFO - 127.0.0.1 - - [07/Jun/2025 23:36:03] "GET / HTTP/1.1" 200 -
2025-06-07 23:36:04,364 - INFO - 127.0.0.1 - - [07/Jun/2025 23:36:04] "GET /info HTTP/1.1" 200 -
2025-06-07 23:36:10,416 - INFO - 127.0.0.1 - - [07/Jun/2025 23:36:10] "[32mPOST /tasks/add HTTP/1.1[0m" 302 -
2025-06-07 23:36:11,011 - INFO - 127.0.0.1 - - [07/Jun/2025 23:36:11] "GET /info HTTP/1.1" 200 -
2025-06-07 23:36:12,498 - INFO - 127.0.0.1 - - [07/Jun/2025 23:36:12] "GET / HTTP/1.1" 200 -
2025-06-07 23:36:19,742 - INFO - 127.0.0.1 - - [07/Jun/2025 23:36:19] "GET /info HTTP/1.1" 200 -
2025-06-07 23:36:24,738 - INFO - 127.0.0.1 - - [07/Jun/2025 23:36:24] "GET /info HTTP/1.1" 200 -
2025-06-07 23:36:29,618 - INFO - 127.0.0.1 - - [07/Jun/2025 23:36:29] "GET /info HTTP/1.1" 200 -
2025-06-07 23:36:34,815 - INFO - 127.0.0.1 - - [07/Jun/2025 23:36:34] "GET /info HTTP/1.1" 200 -
2025-06-07 23:36:39,973 - INFO - 127.0.0.1 - - [07/Jun/2025 23:36:39] "GET /info HTTP/1.1" 200 -
2025-06-07 23:36:45,067 - INFO - 127.0.0.1 - - [07/Jun/2025 23:36:45] "GET /info HTTP/1.1" 200 -
2025-06-07 23:36:49,947 - INFO - 127.0.0.1 - - [07/Jun/2025 23:36:49] "GET /info HTTP/1.1" 200 -
2025-06-07 23:36:54,931 - INFO - 127.0.0.1 - - [07/Jun/2025 23:36:54] "GET /info HTTP/1.1" 200 -
2025-06-07 23:36:59,936 - INFO - 127.0.0.1 - - [07/Jun/2025 23:36:59] "GET /info HTTP/1.1" 200 -
2025-06-07 23:37:05,376 - INFO - 127.0.0.1 - - [07/Jun/2025 23:37:05] "GET /info HTTP/1.1" 200 -
2025-06-07 23:37:10,394 - INFO - 127.0.0.1 - - [07/Jun/2025 23:37:10] "GET /info HTTP/1.1" 200 -
2025-06-07 23:37:15,410 - INFO - 127.0.0.1 - - [07/Jun/2025 23:37:15] "GET /info HTTP/1.1" 200 -
2025-06-07 23:37:20,422 - INFO - 127.0.0.1 - - [07/Jun/2025 23:37:20] "GET /info HTTP/1.1" 200 -
2025-06-07 23:37:25,444 - INFO - 127.0.0.1 - - [07/Jun/2025 23:37:25] "GET /info HTTP/1.1" 200 -
2025-06-07 23:37:30,445 - INFO - 127.0.0.1 - - [07/Jun/2025 23:37:30] "GET /info HTTP/1.1" 200 -
2025-06-07 23:37:35,474 - INFO - 127.0.0.1 - - [07/Jun/2025 23:37:35] "GET /info HTTP/1.1" 200 -
2025-06-07 23:37:40,469 - INFO - 127.0.0.1 - - [07/Jun/2025 23:37:40] "GET /info HTTP/1.1" 200 -
2025-06-07 23:37:45,443 - INFO - 127.0.0.1 - - [07/Jun/2025 23:37:45] "GET /info HTTP/1.1" 200 -
2025-06-07 23:37:50,717 - INFO - 127.0.0.1 - - [07/Jun/2025 23:37:50] "GET /info HTTP/1.1" 200 -
2025-06-07 23:37:55,744 - INFO - 127.0.0.1 - - [07/Jun/2025 23:37:55] "GET /info HTTP/1.1" 200 -
2025-06-07 23:38:00,857 - INFO - 127.0.0.1 - - [07/Jun/2025 23:38:00] "GET /info HTTP/1.1" 200 -
2025-06-07 23:38:05,965 - INFO - 127.0.0.1 - - [07/Jun/2025 23:38:05] "GET /info HTTP/1.1" 200 -
2025-06-07 23:38:11,369 - INFO - 127.0.0.1 - - [07/Jun/2025 23:38:11] "GET /info HTTP/1.1" 200 -
2025-06-07 23:38:16,572 - INFO - 127.0.0.1 - - [07/Jun/2025 23:38:16] "GET /info HTTP/1.1" 200 -
2025-06-07 23:38:21,830 - INFO - 127.0.0.1 - - [07/Jun/2025 23:38:21] "GET /info HTTP/1.1" 200 -
2025-06-07 23:38:26,897 - INFO - 127.0.0.1 - - [07/Jun/2025 23:38:26] "GET /info HTTP/1.1" 200 -
2025-06-07 23:38:32,068 - INFO - 127.0.0.1 - - [07/Jun/2025 23:38:32] "GET /info HTTP/1.1" 200 -
2025-06-07 23:38:37,240 - INFO - 127.0.0.1 - - [07/Jun/2025 23:38:37] "GET /info HTTP/1.1" 200 -
2025-06-07 23:38:42,369 - INFO - 127.0.0.1 - - [07/Jun/2025 23:38:42] "GET /info HTTP/1.1" 200 -
2025-06-07 23:38:44,161 - INFO - 127.0.0.1 - - [07/Jun/2025 23:38:44] "[32mPOST /tasks/add HTTP/1.1[0m" 302 -
2025-06-07 23:38:46,275 - INFO - 127.0.0.1 - - [07/Jun/2025 23:38:46] "GET / HTTP/1.1" 200 -
2025-06-07 23:38:47,588 - INFO - 127.0.0.1 - - [07/Jun/2025 23:38:47] "GET /info HTTP/1.1" 200 -
2025-06-07 23:38:53,569 - INFO - 127.0.0.1 - - [07/Jun/2025 23:38:53] "GET /info HTTP/1.1" 200 -
2025-06-07 23:38:54,321 - INFO - 127.0.0.1 - - [07/Jun/2025 23:38:54] "[32mPOST /tasks/add HTTP/1.1[0m" 302 -
2025-06-07 23:38:56,448 - INFO - 127.0.0.1 - - [07/Jun/2025 23:38:56] "GET / HTTP/1.1" 200 -
2025-06-07 23:39:03,550 - INFO - 127.0.0.1 - - [07/Jun/2025 23:39:03] "GET /info HTTP/1.1" 200 -
2025-06-07 23:39:05,748 - INFO - 127.0.0.1 - - [07/Jun/2025 23:39:05] "[32mPOST /tasks/add HTTP/1.1[0m" 302 -
2025-06-07 23:39:07,841 - INFO - 127.0.0.1 - - [07/Jun/2025 23:39:07] "GET / HTTP/1.1" 200 -
2025-06-07 23:39:08,622 - INFO - 127.0.0.1 - - [07/Jun/2025 23:39:08] "GET /info HTTP/1.1" 200 -
2025-06-07 23:39:14,970 - INFO - 127.0.0.1 - - [07/Jun/2025 23:39:14] "[32mPOST /tasks/add HTTP/1.1[0m" 302 -
2025-06-07 23:39:15,167 - INFO - 127.0.0.1 - - [07/Jun/2025 23:39:15] "GET /info HTTP/1.1" 200 -
2025-06-07 23:39:17,071 - INFO - 127.0.0.1 - - [07/Jun/2025 23:39:17] "GET / HTTP/1.1" 200 -
2025-06-07 23:39:24,367 - INFO - 127.0.0.1 - - [07/Jun/2025 23:39:24] "GET /info HTTP/1.1" 200 -
2025-06-07 23:39:29,235 - INFO - 127.0.0.1 - - [07/Jun/2025 23:39:29] "GET /info HTTP/1.1" 200 -
2025-06-07 23:39:29,925 - INFO - 127.0.0.1 - - [07/Jun/2025 23:39:29] "[32mPOST /tasks/7/complete HTTP/1.1[0m" 302 -
2025-06-07 23:39:32,209 - INFO - 127.0.0.1 - - [07/Jun/2025 23:39:32] "GET / HTTP/1.1" 200 -
2025-06-07 23:39:34,269 - INFO - 127.0.0.1 - - [07/Jun/2025 23:39:34] "GET /info HTTP/1.1" 200 -
2025-06-07 23:39:37,435 - INFO - 127.0.0.1 - - [07/Jun/2025 23:39:37] "[32mPOST /tasks/4/complete HTTP/1.1[0m" 302 -
2025-06-07 23:39:39,410 - INFO - 127.0.0.1 - - [07/Jun/2025 23:39:39] "GET /info HTTP/1.1" 200 -
2025-06-07 23:39:39,673 - INFO - 127.0.0.1 - - [07/Jun/2025 23:39:39] "[32mPOST /tasks/7/delete HTTP/1.1[0m" 302 -
2025-06-07 23:39:40,296 - INFO - 127.0.0.1 - - [07/Jun/2025 23:39:40] "[32mPOST /tasks/6/delete HTTP/1.1[0m" 302 -
2025-06-07 23:39:41,350 - INFO - 127.0.0.1 - - [07/Jun/2025 23:39:41] "[32mPOST /tasks/2/delete HTTP/1.1[0m" 302 -
2025-06-07 23:39:43,525 - INFO - 127.0.0.1 - - [07/Jun/2025 23:39:43] "GET / HTTP/1.1" 200 -
2025-06-07 23:39:44,408 - INFO - 127.0.0.1 - - [07/Jun/2025 23:39:44] "GET /info HTTP/1.1" 200 -
2025-06-07 23:39:50,720 - INFO - 127.0.0.1 - - [07/Jun/2025 23:39:50] "GET /info HTTP/1.1" 200 -
2025-06-07 23:39:55,742 - INFO - 127.0.0.1 - - [07/Jun/2025 23:39:55] "GET /info HTTP/1.1" 200 -
2025-06-07 23:40:00,816 - INFO - 127.0.0.1 - - [07/Jun/2025 23:40:00] "GET /info HTTP/1.1" 200 -
2025-06-07 23:40:05,801 - INFO - 127.0.0.1 - - [07/Jun/2025 23:40:05] "GET /info HTTP/1.1" 200 -
2025-06-07 23:40:10,811 - INFO - 127.0.0.1 - - [07/Jun/2025 23:40:10] "GET /info HTTP/1.1" 200 -
2025-06-07 23:40:15,801 - INFO - 127.0.0.1 - - [07/Jun/2025 23:40:15] "GET /info HTTP/1.1" 200 -
2025-06-07 23:40:20,778 - INFO - 127.0.0.1 - - [07/Jun/2025 23:40:20] "GET /info HTTP/1.1" 200 -
2025-06-07 23:40:25,919 - INFO - 127.0.0.1 - - [07/Jun/2025 23:40:25] "GET /info HTTP/1.1" 200 -
2025-06-07 23:40:30,795 - INFO - 127.0.0.1 - - [07/Jun/2025 23:40:30] "GET /info HTTP/1.1" 200 -
2025-06-07 23:40:35,853 - INFO - 127.0.0.1 - - [07/Jun/2025 23:40:35] "GET /info HTTP/1.1" 200 -
2025-06-07 23:40:40,833 - INFO - 127.0.0.1 - - [07/Jun/2025 23:40:40] "GET /info HTTP/1.1" 200 -
2025-06-07 23:40:45,844 - INFO - 127.0.0.1 - - [07/Jun/2025 23:40:45] "GET /info HTTP/1.1" 200 -
2025-06-07 23:40:50,890 - INFO - 127.0.0.1 - - [07/Jun/2025 23:40:50] "GET /info HTTP/1.1" 200 -
2025-06-07 23:40:55,999 - INFO - 127.0.0.1 - - [07/Jun/2025 23:40:55] "GET /info HTTP/1.1" 200 -
2025-06-07 23:41:01,004 - INFO - 127.0.0.1 - - [07/Jun/2025 23:41:01] "GET /info HTTP/1.1" 200 -
2025-06-07 23:41:06,000 - INFO - 127.0.0.1 - - [07/Jun/2025 23:41:06] "GET /info HTTP/1.1" 200 -
2025-06-07 23:41:11,007 - INFO - 127.0.0.1 - - [07/Jun/2025 23:41:11] "GET /info HTTP/1.1" 200 -
2025-06-07 23:41:16,099 - INFO - 127.0.0.1 - - [07/Jun/2025 23:41:16] "GET /info HTTP/1.1" 200 -
2025-06-07 23:41:21,196 - INFO - 127.0.0.1 - - [07/Jun/2025 23:41:21] "GET /info HTTP/1.1" 200 -
2025-06-07 23:41:26,281 - INFO - 127.0.0.1 - - [07/Jun/2025 23:41:26] "GET /info HTTP/1.1" 200 -
2025-06-07 23:41:31,397 - INFO - 127.0.0.1 - - [07/Jun/2025 23:41:31] "GET /info HTTP/1.1" 200 -
2025-06-07 23:41:36,493 - INFO - 127.0.0.1 - - [07/Jun/2025 23:41:36] "GET /info HTTP/1.1" 200 -
2025-06-07 23:41:41,584 - INFO - 127.0.0.1 - - [07/Jun/2025 23:41:41] "GET /info HTTP/1.1" 200 -
2025-06-07 23:41:46,789 - INFO - 127.0.0.1 - - [07/Jun/2025 23:41:46] "GET /info HTTP/1.1" 200 -
2025-06-07 23:41:51,699 - INFO - 127.0.0.1 - - [07/Jun/2025 23:41:51] "GET /info HTTP/1.1" 200 -
2025-06-07 23:41:56,807 - INFO - 127.0.0.1 - - [07/Jun/2025 23:41:56] "GET /info HTTP/1.1" 200 -
